#
# A fatal error has been detected by the Java Runtime Environment:
#
#  EXCEPTION_ACCESS_VIOLATION (0xc0000005) at pc=0x00007ffa639e1503, pid=21164, tid=12272
#
# JRE version: Java(TM) SE Runtime Environment (11.0.2+9) (build 11.0.2+9-LTS)
# Java VM: Java HotSpot(TM) 64-Bit Server VM (11.0.2+9-LTS, mixed mode, tiered, compressed oops, g1 gc, windows-amd64)
# Problematic frame:
# V  [jvm.dll+0x341503]
#
# No core dump will be written. Minidumps are not enabled by default on client versions of Windows
#
# If you would like to submit a bug report, please visit:
#   http://bugreport.java.com/bugreport/crash.jsp
#

---------------  S U M M A R Y ------------

Command Line: -agentlib:jdwp=transport=dt_socket,suspend=y,address=localhost:62849 -javaagent:C:\eclipse\configuration\org.eclipse.osgi\409\0\.cp\lib\javaagent-shaded.jar -Dfile.encoding=Cp1252 atividade11.Principal

Host: Intel(R) Core(TM) i7-2600 CPU @ 3.40GHz, 8 cores, 15G,  Windows 10 , 64 bit Build 17134 (10.0.17134.1)
Time: Wed Apr 10 16:18:56 2019 Hora oficial do Brasil elapsed time: 353 seconds (0d 0h 5m 53s)

---------------  T H R E A D  ---------------

Current thread (0x000001b36a997800):  VMThread "VM Thread" [stack: 0x0000000d78300000,0x0000000d78400000] [id=12272]

Stack: [0x0000000d78300000,0x0000000d78400000],  sp=0x0000000d783ff310,  free space=1020k
Native frames: (J=compiled Java code, j=interpreted, Vv=VM code, C=native code)
V  [jvm.dll+0x341503]
V  [jvm.dll+0x345727]
V  [jvm.dll+0x345c2a]
V  [jvm.dll+0x3417d2]
V  [jvm.dll+0x624a05]
V  [jvm.dll+0x62478d]
V  [jvm.dll+0x5ea49a]
V  [jvm.dll+0x5022c7]
V  [jvm.dll+0x77b2cc]
V  [jvm.dll+0x779787]
V  [jvm.dll+0x779fb0]
V  [jvm.dll+0x77a2bf]
V  [jvm.dll+0x6347f2]
C  [ucrtbase.dll+0x1c4ce]
C  [KERNEL32.DLL+0x13034]
C  [ntdll.dll+0x71461]


siginfo: EXCEPTION_ACCESS_VIOLATION (0xc0000005), reading address 0xffffffffffffffff


Register to memory mapping:

RIP=0x00007ffa639e1503 jvm.dll
RAX=0x000001b36a96b640 points into unknown readable memory: 01 00 00 00 00 00 00 00
RBX=0x0000000d783ff4e0 points into unknown readable memory: 48 1b f6 63 fa 7f 00 00
RCX=0x0000000d783ff550 points into unknown readable memory: 40 b6 96 6a b3 01 00 00
RDX=0xffffffffffffcd86 is an unknown value
RSP=0x0000000d783ff310 points into unknown readable memory: 30 00 00 00 00 00 00 00
RBP=0x00007ffa639e14e0 jvm.dll
RSI=0x0 is NULL
RDI=0x000000000000009e is an unknown value
R8 =0x03ffffffffffff36 is an unknown value
R9 =0x0000000000000006 is an unknown value
R10=0x00000008000cafb0 is a pointer to class: 
atividade11.Principal {0x00000008000cafb8}
R11=0x000001b36b1ab6bc is pointing into metadata
R12=0x0000000000000001 is an unknown value
R13=0x00007ffa636a0000 jvm.dll
R14=0x000001b36b1ab82d is pointing into metadata
R15=0x000000000000036d is an unknown value


Registers:
RAX=0x000001b36a96b640, RBX=0x0000000d783ff4e0, RCX=0x0000000d783ff550, RDX=0xffffffffffffcd86
RSP=0x0000000d783ff310, RBP=0x00007ffa639e14e0, RSI=0x0000000000000000, RDI=0x000000000000009e
R8 =0x03ffffffffffff36, R9 =0x0000000000000006, R10=0x00000008000cafb0, R11=0x000001b36b1ab6bc
R12=0x0000000000000001, R13=0x00007ffa636a0000, R14=0x000001b36b1ab82d, R15=0x000000000000036d
RIP=0x00007ffa639e1503, EFLAGS=0x0000000000010a06

Top of Stack: (sp=0x0000000d783ff310)
0x0000000d783ff310:   0000000000000030 0000000d783ff340
0x0000000d783ff320:   00007ffa63edd948 0000000000000030
0x0000000d783ff330:   0000000d783ff4e0 00007ffa639e5727
0x0000000d783ff340:   0000000d783ff4e0 0000000000000003
0x0000000d783ff350:   0000000000000000 00007ffa637c60de
0x0000000d783ff360:   000001b36b1ab6b9 000001b3000000aa
0x0000000d783ff370:   000001b36a96b978 000001b36b1ab82d
0x0000000d783ff380:   000000000000009e 00007ffa639e5c2a
0x0000000d783ff390:   0000000d783ff4e0 000000000000036d
0x0000000d783ff3a0:   000000000000009e 0000000d783ff998
0x0000000d783ff3b0:   000001b36b1abb00 000001b36a997800
0x0000000d783ff3c0:   000003700000036d 0000009e000003d7
0x0000000d783ff3d0:   000003d700000000 ffffffff0000009e
0x0000000d783ff3e0:   000001b36a96b978 0000000000000000
0x0000000d783ff3f0:   00007ffa6412fb30 00000000000003d8
0x0000000d783ff400:   000001b36a96b5f0 00007ffa639e17d2 

Instructions: (pc=0x00007ffa639e1503)
0x00007ffa639e14e3:   83 ec 20 48 63 d2 48 8b d9 0f b6 c2 48 83 c1 70
0x00007ffa639e14f3:   24 3f 4c 8b c2 44 0f b6 c8 49 c1 e8 06 48 8b 01
0x00007ffa639e1503:   4e 8b 04 c0 4d 0f a3 c8 72 0b 41 b0 01 e8 8b 3b
0x00007ffa639e1513:   dd ff ff 43 6c 48 83 c4 20 5b c3 cc cc 8b c2 4c 


Stack slot to memory mapping:
stack at sp + 0 slots: 0x0000000000000030 is an unknown value
stack at sp + 1 slots: 0x0000000d783ff340 points into unknown readable memory: e0 f4 3f 78 0d 00 00 00
stack at sp + 2 slots: 0x00007ffa63edd948 jvm.dll
stack at sp + 3 slots: 0x0000000000000030 is an unknown value
stack at sp + 4 slots: 0x0000000d783ff4e0 points into unknown readable memory: 48 1b f6 63 fa 7f 00 00
stack at sp + 5 slots: 0x00007ffa639e5727 jvm.dll
stack at sp + 6 slots: 0x0000000d783ff4e0 points into unknown readable memory: 48 1b f6 63 fa 7f 00 00
stack at sp + 7 slots: 0x0000000000000003 is an unknown value

VM_Operation (0x0000000d78cff510): GetOrSetLocal, mode: safepoint, requested by thread 0x000001b36b6ec800


---------------  P R O C E S S  ---------------

Threads class SMR info:
_java_thread_list=0x000001b36e102480, length=17, elements={
0x000001b347012000, 0x000001b36a9b5800, 0x000001b36a9bf000, 0x000001b36b2ca800,
0x000001b36b2cb800, 0x000001b36b275000, 0x000001b36b2cf000, 0x000001b36b2d3800,
0x000001b36b250800, 0x000001b36b6ec800, 0x000001b36b6ef800, 0x000001b36b537800,
0x000001b36b786000, 0x000001b36bb21000, 0x000001b36b9bd800, 0x000001b36dea4000,
0x000001b36dec6800
}

Java Threads: ( => current thread )
  0x000001b347012000 JavaThread "main" [_thread_blocked, id=21804, stack(0x0000000d77d00000,0x0000000d77e00000)]
  0x000001b36a9b5800 JavaThread "Reference Handler" daemon [_thread_blocked, id=21820, stack(0x0000000d78400000,0x0000000d78500000)]
  0x000001b36a9bf000 JavaThread "Finalizer" daemon [_thread_blocked, id=16068, stack(0x0000000d78500000,0x0000000d78600000)]
  0x000001b36b2ca800 JavaThread "Signal Dispatcher" daemon [_thread_blocked, id=8824, stack(0x0000000d78600000,0x0000000d78700000)]
  0x000001b36b2cb800 JavaThread "Attach Listener" daemon [_thread_blocked, id=14324, stack(0x0000000d78700000,0x0000000d78800000)]
  0x000001b36b275000 JavaThread "C2 CompilerThread0" daemon [_thread_blocked, id=8856, stack(0x0000000d78800000,0x0000000d78900000)]
  0x000001b36b2cf000 JavaThread "C1 CompilerThread0" daemon [_thread_blocked, id=14548, stack(0x0000000d78900000,0x0000000d78a00000)]
  0x000001b36b2d3800 JavaThread "Sweeper thread" daemon [_thread_blocked, id=20644, stack(0x0000000d78a00000,0x0000000d78b00000)]
  0x000001b36b250800 JavaThread "Common-Cleaner" daemon [_thread_blocked, id=22124, stack(0x0000000d78b00000,0x0000000d78c00000)]
  0x000001b36b6ec800 JavaThread "JDWP Transport Listener: dt_socket" daemon [_thread_blocked, id=17668, stack(0x0000000d78c00000,0x0000000d78d00000)] _threads_hazard_ptr=0x000001b36e102480
  0x000001b36b6ef800 JavaThread "JDWP Event Helper Thread" daemon [_thread_blocked, id=6536, stack(0x0000000d78d00000,0x0000000d78e00000)]
  0x000001b36b537800 JavaThread "JDWP Command Reader" daemon [_thread_in_native, id=21144, stack(0x0000000d78e00000,0x0000000d78f00000)]
  0x000001b36b786000 JavaThread "Service Thread" daemon [_thread_blocked, id=5064, stack(0x0000000d78f00000,0x0000000d79000000)]
  0x000001b36bb21000 JavaThread "Java2D Disposer" daemon [_thread_blocked, id=14220, stack(0x0000000d79100000,0x0000000d79200000)]
  0x000001b36b9bd800 JavaThread "AWT-Windows" daemon [_thread_in_native, id=18804, stack(0x0000000d79300000,0x0000000d79400000)]
  0x000001b36dea4000 JavaThread "D3D Screen Updater" daemon [_thread_blocked, id=368, stack(0x0000000d7a500000,0x0000000d7a600000)]
  0x000001b36dec6800 JavaThread "TimerQueue" daemon [_thread_blocked, id=18444, stack(0x0000000d7a600000,0x0000000d7a700000)]

Other Threads:
=>0x000001b36a997800 VMThread "VM Thread" [stack: 0x0000000d78300000,0x0000000d78400000] [id=12272]
  0x000001b36b787000 WatcherThread [stack: 0x0000000d79000000,0x0000000d79100000] [id=17600]
  0x000001b347028800 GCTaskThread "GC Thread#0" [stack: 0x0000000d77e00000,0x0000000d77f00000] [id=5516]
  0x000001b36bed2800 GCTaskThread "GC Thread#1" [stack: 0x0000000d77c00000,0x0000000d77d00000] [id=5144]
  0x000001b36b9ae800 GCTaskThread "GC Thread#2" [stack: 0x0000000d79200000,0x0000000d79300000] [id=21160]
  0x000001b36b925000 GCTaskThread "GC Thread#3" [stack: 0x0000000d79400000,0x0000000d79500000] [id=9396]
  0x000001b36b926000 GCTaskThread "GC Thread#4" [stack: 0x0000000d79500000,0x0000000d79600000] [id=13676]
  0x000001b36b313000 GCTaskThread "GC Thread#5" [stack: 0x0000000d7a300000,0x0000000d7a400000] [id=21344]
  0x000001b347085800 ConcurrentGCThread "G1 Main Marker" [stack: 0x0000000d77f00000,0x0000000d78000000] [id=11504]
  0x000001b347088800 ConcurrentGCThread "G1 Conc#0" [stack: 0x0000000d78000000,0x0000000d78100000] [id=5652]
  0x000001b36a89b800 ConcurrentGCThread "G1 Refine#0" [stack: 0x0000000d78100000,0x0000000d78200000] [id=20808]
  0x000001b36a89c800 ConcurrentGCThread "G1 Young RemSet Sampling" [stack: 0x0000000d78200000,0x0000000d78300000] [id=15572]

Threads with active compile tasks:

VM state:at safepoint (normal execution)

VM Mutex/Monitor currently owned by a thread:  ([mutex/lock_event])
[0x000001b347011a40] Threads_lock - owner thread: 0x000001b36a997800

Heap address: 0x0000000700a00000, size: 4086 MB, Compressed Oops mode: Zero based, Oop shift amount: 3
Narrow klass base: 0x0000000800000000, Narrow klass shift: 0
Compressed class space size: 1073741824 Address: 0x0000000800000000

Heap:
 garbage-first heap   total 262144K, used 11133K [0x0000000700a00000, 0x0000000800000000)
  region size 1024K, 12 young (12288K), 3 survivors (3072K)
 Metaspace       used 19192K, capacity 19663K, committed 19968K, reserved 1067008K
  class space    used 1980K, capacity 2193K, committed 2304K, reserved 1048576K
Heap Regions: E=young(eden), S=young(survivor), O=old, HS=humongous(starts), HC=humongous(continues), CS=collection set, F=free, A=archive, TAMS=top-at-mark-start (previous, next)
|   0|0x0000000700a00000, 0x0000000700a00000, 0x0000000700b00000|  0%| F|  |TAMS 0x0000000700a00000, 0x0000000700a00000| Untracked 
|   1|0x0000000700b00000, 0x0000000700b00000, 0x0000000700c00000|  0%| F|  |TAMS 0x0000000700b00000, 0x0000000700b00000| Untracked 
|   2|0x0000000700c00000, 0x0000000700c00000, 0x0000000700d00000|  0%| F|  |TAMS 0x0000000700c00000, 0x0000000700c00000| Untracked 
|   3|0x0000000700d00000, 0x0000000700d00000, 0x0000000700e00000|  0%| F|  |TAMS 0x0000000700d00000, 0x0000000700d00000| Untracked 
|   4|0x0000000700e00000, 0x0000000700e00000, 0x0000000700f00000|  0%| F|  |TAMS 0x0000000700e00000, 0x0000000700e00000| Untracked 
|   5|0x0000000700f00000, 0x0000000700f00000, 0x0000000701000000|  0%| F|  |TAMS 0x0000000700f00000, 0x0000000700f00000| Untracked 
|   6|0x0000000701000000, 0x0000000701000000, 0x0000000701100000|  0%| F|  |TAMS 0x0000000701000000, 0x0000000701000000| Untracked 
|   7|0x0000000701100000, 0x0000000701100000, 0x0000000701200000|  0%| F|  |TAMS 0x0000000701100000, 0x0000000701100000| Untracked 
|   8|0x0000000701200000, 0x0000000701200000, 0x0000000701300000|  0%| F|  |TAMS 0x0000000701200000, 0x0000000701200000| Untracked 
|   9|0x0000000701300000, 0x0000000701300000, 0x0000000701400000|  0%| F|  |TAMS 0x0000000701300000, 0x0000000701300000| Untracked 
|  10|0x0000000701400000, 0x0000000701400000, 0x0000000701500000|  0%| F|  |TAMS 0x0000000701400000, 0x0000000701400000| Untracked 
|  11|0x0000000701500000, 0x0000000701500000, 0x0000000701600000|  0%| F|  |TAMS 0x0000000701500000, 0x0000000701500000| Untracked 
|  12|0x0000000701600000, 0x0000000701600000, 0x0000000701700000|  0%| F|  |TAMS 0x0000000701600000, 0x0000000701600000| Untracked 
|  13|0x0000000701700000, 0x0000000701700000, 0x0000000701800000|  0%| F|  |TAMS 0x0000000701700000, 0x0000000701700000| Untracked 
|  14|0x0000000701800000, 0x0000000701800000, 0x0000000701900000|  0%| F|  |TAMS 0x0000000701800000, 0x0000000701800000| Untracked 
|  15|0x0000000701900000, 0x0000000701900000, 0x0000000701a00000|  0%| F|  |TAMS 0x0000000701900000, 0x0000000701900000| Untracked 
|  16|0x0000000701a00000, 0x0000000701a00000, 0x0000000701b00000|  0%| F|  |TAMS 0x0000000701a00000, 0x0000000701a00000| Untracked 
|  17|0x0000000701b00000, 0x0000000701b00000, 0x0000000701c00000|  0%| F|  |TAMS 0x0000000701b00000, 0x0000000701b00000| Untracked 
|  18|0x0000000701c00000, 0x0000000701c00000, 0x0000000701d00000|  0%| F|  |TAMS 0x0000000701c00000, 0x0000000701c00000| Untracked 
|  19|0x0000000701d00000, 0x0000000701d00000, 0x0000000701e00000|  0%| F|  |TAMS 0x0000000701d00000, 0x0000000701d00000| Untracked 
|  20|0x0000000701e00000, 0x0000000701e00000, 0x0000000701f00000|  0%| F|  |TAMS 0x0000000701e00000, 0x0000000701e00000| Untracked 
|  21|0x0000000701f00000, 0x0000000701f00000, 0x0000000702000000|  0%| F|  |TAMS 0x0000000701f00000, 0x0000000701f00000| Untracked 
|  22|0x0000000702000000, 0x0000000702000000, 0x0000000702100000|  0%| F|  |TAMS 0x0000000702000000, 0x0000000702000000| Untracked 
|  23|0x0000000702100000, 0x0000000702100000, 0x0000000702200000|  0%| F|  |TAMS 0x0000000702100000, 0x0000000702100000| Untracked 
|  24|0x0000000702200000, 0x0000000702200000, 0x0000000702300000|  0%| F|  |TAMS 0x0000000702200000, 0x0000000702200000| Untracked 
|  25|0x0000000702300000, 0x0000000702300000, 0x0000000702400000|  0%| F|  |TAMS 0x0000000702300000, 0x0000000702300000| Untracked 
|  26|0x0000000702400000, 0x0000000702400000, 0x0000000702500000|  0%| F|  |TAMS 0x0000000702400000, 0x0000000702400000| Untracked 
|  27|0x0000000702500000, 0x0000000702500000, 0x0000000702600000|  0%| F|  |TAMS 0x0000000702500000, 0x0000000702500000| Untracked 
|  28|0x0000000702600000, 0x0000000702600000, 0x0000000702700000|  0%| F|  |TAMS 0x0000000702600000, 0x0000000702600000| Untracked 
|  29|0x0000000702700000, 0x0000000702700000, 0x0000000702800000|  0%| F|  |TAMS 0x0000000702700000, 0x0000000702700000| Untracked 
|  30|0x0000000702800000, 0x0000000702800000, 0x0000000702900000|  0%| F|  |TAMS 0x0000000702800000, 0x0000000702800000| Untracked 
|  31|0x0000000702900000, 0x0000000702900000, 0x0000000702a00000|  0%| F|  |TAMS 0x0000000702900000, 0x0000000702900000| Untracked 
|  32|0x0000000702a00000, 0x0000000702a00000, 0x0000000702b00000|  0%| F|  |TAMS 0x0000000702a00000, 0x0000000702a00000| Untracked 
|  33|0x0000000702b00000, 0x0000000702b00000, 0x0000000702c00000|  0%| F|  |TAMS 0x0000000702b00000, 0x0000000702b00000| Untracked 
|  34|0x0000000702c00000, 0x0000000702c00000, 0x0000000702d00000|  0%| F|  |TAMS 0x0000000702c00000, 0x0000000702c00000| Untracked 
|  35|0x0000000702d00000, 0x0000000702d00000, 0x0000000702e00000|  0%| F|  |TAMS 0x0000000702d00000, 0x0000000702d00000| Untracked 
|  36|0x0000000702e00000, 0x0000000702e00000, 0x0000000702f00000|  0%| F|  |TAMS 0x0000000702e00000, 0x0000000702e00000| Untracked 
|  37|0x0000000702f00000, 0x0000000702f00000, 0x0000000703000000|  0%| F|  |TAMS 0x0000000702f00000, 0x0000000702f00000| Untracked 
|  38|0x0000000703000000, 0x0000000703000000, 0x0000000703100000|  0%| F|  |TAMS 0x0000000703000000, 0x0000000703000000| Untracked 
|  39|0x0000000703100000, 0x0000000703100000, 0x0000000703200000|  0%| F|  |TAMS 0x0000000703100000, 0x0000000703100000| Untracked 
|  40|0x0000000703200000, 0x0000000703200000, 0x0000000703300000|  0%| F|  |TAMS 0x0000000703200000, 0x0000000703200000| Untracked 
|  41|0x0000000703300000, 0x0000000703300000, 0x0000000703400000|  0%| F|  |TAMS 0x0000000703300000, 0x0000000703300000| Untracked 
|  42|0x0000000703400000, 0x0000000703400000, 0x0000000703500000|  0%| F|  |TAMS 0x0000000703400000, 0x0000000703400000| Untracked 
|  43|0x0000000703500000, 0x0000000703500000, 0x0000000703600000|  0%| F|  |TAMS 0x0000000703500000, 0x0000000703500000| Untracked 
|  44|0x0000000703600000, 0x0000000703600000, 0x0000000703700000|  0%| F|  |TAMS 0x0000000703600000, 0x0000000703600000| Untracked 
|  45|0x0000000703700000, 0x0000000703700000, 0x0000000703800000|  0%| F|  |TAMS 0x0000000703700000, 0x0000000703700000| Untracked 
|  46|0x0000000703800000, 0x0000000703800000, 0x0000000703900000|  0%| F|  |TAMS 0x0000000703800000, 0x0000000703800000| Untracked 
|  47|0x0000000703900000, 0x0000000703900000, 0x0000000703a00000|  0%| F|  |TAMS 0x0000000703900000, 0x0000000703900000| Untracked 
|  48|0x0000000703a00000, 0x0000000703a00000, 0x0000000703b00000|  0%| F|  |TAMS 0x0000000703a00000, 0x0000000703a00000| Untracked 
|  49|0x0000000703b00000, 0x0000000703b00000, 0x0000000703c00000|  0%| F|  |TAMS 0x0000000703b00000, 0x0000000703b00000| Untracked 
|  50|0x0000000703c00000, 0x0000000703c00000, 0x0000000703d00000|  0%| F|  |TAMS 0x0000000703c00000, 0x0000000703c00000| Untracked 
|  51|0x0000000703d00000, 0x0000000703d00000, 0x0000000703e00000|  0%| F|  |TAMS 0x0000000703d00000, 0x0000000703d00000| Untracked 
|  52|0x0000000703e00000, 0x0000000703e00000, 0x0000000703f00000|  0%| F|  |TAMS 0x0000000703e00000, 0x0000000703e00000| Untracked 
|  53|0x0000000703f00000, 0x0000000703f00000, 0x0000000704000000|  0%| F|  |TAMS 0x0000000703f00000, 0x0000000703f00000| Untracked 
|  54|0x0000000704000000, 0x0000000704000000, 0x0000000704100000|  0%| F|  |TAMS 0x0000000704000000, 0x0000000704000000| Untracked 
|  55|0x0000000704100000, 0x0000000704100000, 0x0000000704200000|  0%| F|  |TAMS 0x0000000704100000, 0x0000000704100000| Untracked 
|  56|0x0000000704200000, 0x0000000704200000, 0x0000000704300000|  0%| F|  |TAMS 0x0000000704200000, 0x0000000704200000| Untracked 
|  57|0x0000000704300000, 0x0000000704300000, 0x0000000704400000|  0%| F|  |TAMS 0x0000000704300000, 0x0000000704300000| Untracked 
|  58|0x0000000704400000, 0x0000000704400000, 0x0000000704500000|  0%| F|  |TAMS 0x0000000704400000, 0x0000000704400000| Untracked 
|  59|0x0000000704500000, 0x0000000704500000, 0x0000000704600000|  0%| F|  |TAMS 0x0000000704500000, 0x0000000704500000| Untracked 
|  60|0x0000000704600000, 0x0000000704600000, 0x0000000704700000|  0%| F|  |TAMS 0x0000000704600000, 0x0000000704600000| Untracked 
|  61|0x0000000704700000, 0x0000000704700000, 0x0000000704800000|  0%| F|  |TAMS 0x0000000704700000, 0x0000000704700000| Untracked 
|  62|0x0000000704800000, 0x0000000704800000, 0x0000000704900000|  0%| F|  |TAMS 0x0000000704800000, 0x0000000704800000| Untracked 
|  63|0x0000000704900000, 0x0000000704900000, 0x0000000704a00000|  0%| F|  |TAMS 0x0000000704900000, 0x0000000704900000| Untracked 
|  64|0x0000000704a00000, 0x0000000704a00000, 0x0000000704b00000|  0%| F|  |TAMS 0x0000000704a00000, 0x0000000704a00000| Untracked 
|  65|0x0000000704b00000, 0x0000000704b00000, 0x0000000704c00000|  0%| F|  |TAMS 0x0000000704b00000, 0x0000000704b00000| Untracked 
|  66|0x0000000704c00000, 0x0000000704c00000, 0x0000000704d00000|  0%| F|  |TAMS 0x0000000704c00000, 0x0000000704c00000| Untracked 
|  67|0x0000000704d00000, 0x0000000704d00000, 0x0000000704e00000|  0%| F|  |TAMS 0x0000000704d00000, 0x0000000704d00000| Untracked 
|  68|0x0000000704e00000, 0x0000000704e00000, 0x0000000704f00000|  0%| F|  |TAMS 0x0000000704e00000, 0x0000000704e00000| Untracked 
|  69|0x0000000704f00000, 0x0000000704f00000, 0x0000000705000000|  0%| F|  |TAMS 0x0000000704f00000, 0x0000000704f00000| Untracked 
|  70|0x0000000705000000, 0x0000000705000000, 0x0000000705100000|  0%| F|  |TAMS 0x0000000705000000, 0x0000000705000000| Untracked 
|  71|0x0000000705100000, 0x0000000705100000, 0x0000000705200000|  0%| F|  |TAMS 0x0000000705100000, 0x0000000705100000| Untracked 
|  72|0x0000000705200000, 0x0000000705200000, 0x0000000705300000|  0%| F|  |TAMS 0x0000000705200000, 0x0000000705200000| Untracked 
|  73|0x0000000705300000, 0x0000000705300000, 0x0000000705400000|  0%| F|  |TAMS 0x0000000705300000, 0x0000000705300000| Untracked 
|  74|0x0000000705400000, 0x0000000705400000, 0x0000000705500000|  0%| F|  |TAMS 0x0000000705400000, 0x0000000705400000| Untracked 
|  75|0x0000000705500000, 0x0000000705500000, 0x0000000705600000|  0%| F|  |TAMS 0x0000000705500000, 0x0000000705500000| Untracked 
|  76|0x0000000705600000, 0x0000000705600000, 0x0000000705700000|  0%| F|  |TAMS 0x0000000705600000, 0x0000000705600000| Untracked 
|  77|0x0000000705700000, 0x0000000705700000, 0x0000000705800000|  0%| F|  |TAMS 0x0000000705700000, 0x0000000705700000| Untracked 
|  78|0x0000000705800000, 0x0000000705800000, 0x0000000705900000|  0%| F|  |TAMS 0x0000000705800000, 0x0000000705800000| Untracked 
|  79|0x0000000705900000, 0x0000000705900000, 0x0000000705a00000|  0%| F|  |TAMS 0x0000000705900000, 0x0000000705900000| Untracked 
|  80|0x0000000705a00000, 0x0000000705a00000, 0x0000000705b00000|  0%| F|  |TAMS 0x0000000705a00000, 0x0000000705a00000| Untracked 
|  81|0x0000000705b00000, 0x0000000705b00000, 0x0000000705c00000|  0%| F|  |TAMS 0x0000000705b00000, 0x0000000705b00000| Untracked 
|  82|0x0000000705c00000, 0x0000000705c00000, 0x0000000705d00000|  0%| F|  |TAMS 0x0000000705c00000, 0x0000000705c00000| Untracked 
|  83|0x0000000705d00000, 0x0000000705d00000, 0x0000000705e00000|  0%| F|  |TAMS 0x0000000705d00000, 0x0000000705d00000| Untracked 
|  84|0x0000000705e00000, 0x0000000705e00000, 0x0000000705f00000|  0%| F|  |TAMS 0x0000000705e00000, 0x0000000705e00000| Untracked 
|  85|0x0000000705f00000, 0x0000000705f00000, 0x0000000706000000|  0%| F|  |TAMS 0x0000000705f00000, 0x0000000705f00000| Untracked 
|  86|0x0000000706000000, 0x0000000706000000, 0x0000000706100000|  0%| F|  |TAMS 0x0000000706000000, 0x0000000706000000| Untracked 
|  87|0x0000000706100000, 0x0000000706100000, 0x0000000706200000|  0%| F|  |TAMS 0x0000000706100000, 0x0000000706100000| Untracked 
|  88|0x0000000706200000, 0x0000000706200000, 0x0000000706300000|  0%| F|  |TAMS 0x0000000706200000, 0x0000000706200000| Untracked 
|  89|0x0000000706300000, 0x0000000706300000, 0x0000000706400000|  0%| F|  |TAMS 0x0000000706300000, 0x0000000706300000| Untracked 
|  90|0x0000000706400000, 0x0000000706400000, 0x0000000706500000|  0%| F|  |TAMS 0x0000000706400000, 0x0000000706400000| Untracked 
|  91|0x0000000706500000, 0x0000000706500000, 0x0000000706600000|  0%| F|  |TAMS 0x0000000706500000, 0x0000000706500000| Untracked 
|  92|0x0000000706600000, 0x0000000706600000, 0x0000000706700000|  0%| F|  |TAMS 0x0000000706600000, 0x0000000706600000| Untracked 
|  93|0x0000000706700000, 0x0000000706700000, 0x0000000706800000|  0%| F|  |TAMS 0x0000000706700000, 0x0000000706700000| Untracked 
|  94|0x0000000706800000, 0x0000000706800000, 0x0000000706900000|  0%| F|  |TAMS 0x0000000706800000, 0x0000000706800000| Untracked 
|  95|0x0000000706900000, 0x0000000706900000, 0x0000000706a00000|  0%| F|  |TAMS 0x0000000706900000, 0x0000000706900000| Untracked 
|  96|0x0000000706a00000, 0x0000000706a00000, 0x0000000706b00000|  0%| F|  |TAMS 0x0000000706a00000, 0x0000000706a00000| Untracked 
|  97|0x0000000706b00000, 0x0000000706b00000, 0x0000000706c00000|  0%| F|  |TAMS 0x0000000706b00000, 0x0000000706b00000| Untracked 
|  98|0x0000000706c00000, 0x0000000706c00000, 0x0000000706d00000|  0%| F|  |TAMS 0x0000000706c00000, 0x0000000706c00000| Untracked 
|  99|0x0000000706d00000, 0x0000000706d00000, 0x0000000706e00000|  0%| F|  |TAMS 0x0000000706d00000, 0x0000000706d00000| Untracked 
| 100|0x0000000706e00000, 0x0000000706e00000, 0x0000000706f00000|  0%| F|  |TAMS 0x0000000706e00000, 0x0000000706e00000| Untracked 
| 101|0x0000000706f00000, 0x0000000706f00000, 0x0000000707000000|  0%| F|  |TAMS 0x0000000706f00000, 0x0000000706f00000| Untracked 
| 102|0x0000000707000000, 0x0000000707000000, 0x0000000707100000|  0%| F|  |TAMS 0x0000000707000000, 0x0000000707000000| Untracked 
| 103|0x0000000707100000, 0x0000000707100000, 0x0000000707200000|  0%| F|  |TAMS 0x0000000707100000, 0x0000000707100000| Untracked 
| 104|0x0000000707200000, 0x0000000707200000, 0x0000000707300000|  0%| F|  |TAMS 0x0000000707200000, 0x0000000707200000| Untracked 
| 105|0x0000000707300000, 0x0000000707300000, 0x0000000707400000|  0%| F|  |TAMS 0x0000000707300000, 0x0000000707300000| Untracked 
| 106|0x0000000707400000, 0x0000000707400000, 0x0000000707500000|  0%| F|  |TAMS 0x0000000707400000, 0x0000000707400000| Untracked 
| 107|0x0000000707500000, 0x0000000707500000, 0x0000000707600000|  0%| F|  |TAMS 0x0000000707500000, 0x0000000707500000| Untracked 
| 108|0x0000000707600000, 0x0000000707600000, 0x0000000707700000|  0%| F|  |TAMS 0x0000000707600000, 0x0000000707600000| Untracked 
| 109|0x0000000707700000, 0x0000000707700000, 0x0000000707800000|  0%| F|  |TAMS 0x0000000707700000, 0x0000000707700000| Untracked 
| 110|0x0000000707800000, 0x0000000707800000, 0x0000000707900000|  0%| F|  |TAMS 0x0000000707800000, 0x0000000707800000| Untracked 
| 111|0x0000000707900000, 0x0000000707900000, 0x0000000707a00000|  0%| F|  |TAMS 0x0000000707900000, 0x0000000707900000| Untracked 
| 112|0x0000000707a00000, 0x0000000707a00000, 0x0000000707b00000|  0%| F|  |TAMS 0x0000000707a00000, 0x0000000707a00000| Untracked 
| 113|0x0000000707b00000, 0x0000000707b00000, 0x0000000707c00000|  0%| F|  |TAMS 0x0000000707b00000, 0x0000000707b00000| Untracked 
| 114|0x0000000707c00000, 0x0000000707c00000, 0x0000000707d00000|  0%| F|  |TAMS 0x0000000707c00000, 0x0000000707c00000| Untracked 
| 115|0x0000000707d00000, 0x0000000707d00000, 0x0000000707e00000|  0%| F|  |TAMS 0x0000000707d00000, 0x0000000707d00000| Untracked 
| 116|0x0000000707e00000, 0x0000000707e00000, 0x0000000707f00000|  0%| F|  |TAMS 0x0000000707e00000, 0x0000000707e00000| Untracked 
| 117|0x0000000707f00000, 0x0000000707f00000, 0x0000000708000000|  0%| F|  |TAMS 0x0000000707f00000, 0x0000000707f00000| Untracked 
| 118|0x0000000708000000, 0x0000000708000000, 0x0000000708100000|  0%| F|  |TAMS 0x0000000708000000, 0x0000000708000000| Untracked 
| 119|0x0000000708100000, 0x0000000708100000, 0x0000000708200000|  0%| F|  |TAMS 0x0000000708100000, 0x0000000708100000| Untracked 
| 120|0x0000000708200000, 0x0000000708200000, 0x0000000708300000|  0%| F|  |TAMS 0x0000000708200000, 0x0000000708200000| Untracked 
| 121|0x0000000708300000, 0x0000000708300000, 0x0000000708400000|  0%| F|  |TAMS 0x0000000708300000, 0x0000000708300000| Untracked 
| 122|0x0000000708400000, 0x0000000708400000, 0x0000000708500000|  0%| F|  |TAMS 0x0000000708400000, 0x0000000708400000| Untracked 
| 123|0x0000000708500000, 0x0000000708500000, 0x0000000708600000|  0%| F|  |TAMS 0x0000000708500000, 0x0000000708500000| Untracked 
| 124|0x0000000708600000, 0x0000000708600000, 0x0000000708700000|  0%| F|  |TAMS 0x0000000708600000, 0x0000000708600000| Untracked 
| 125|0x0000000708700000, 0x0000000708700000, 0x0000000708800000|  0%| F|  |TAMS 0x0000000708700000, 0x0000000708700000| Untracked 
| 126|0x0000000708800000, 0x0000000708800000, 0x0000000708900000|  0%| F|  |TAMS 0x0000000708800000, 0x0000000708800000| Untracked 
| 127|0x0000000708900000, 0x0000000708900000, 0x0000000708a00000|  0%| F|  |TAMS 0x0000000708900000, 0x0000000708900000| Untracked 
| 128|0x0000000708a00000, 0x0000000708a00000, 0x0000000708b00000|  0%| F|  |TAMS 0x0000000708a00000, 0x0000000708a00000| Untracked 
| 129|0x0000000708b00000, 0x0000000708b00000, 0x0000000708c00000|  0%| F|  |TAMS 0x0000000708b00000, 0x0000000708b00000| Untracked 
| 130|0x0000000708c00000, 0x0000000708c00000, 0x0000000708d00000|  0%| F|  |TAMS 0x0000000708c00000, 0x0000000708c00000| Untracked 
| 131|0x0000000708d00000, 0x0000000708d00000, 0x0000000708e00000|  0%| F|  |TAMS 0x0000000708d00000, 0x0000000708d00000| Untracked 
| 132|0x0000000708e00000, 0x0000000708e00000, 0x0000000708f00000|  0%| F|  |TAMS 0x0000000708e00000, 0x0000000708e00000| Untracked 
| 133|0x0000000708f00000, 0x0000000708f00000, 0x0000000709000000|  0%| F|  |TAMS 0x0000000708f00000, 0x0000000708f00000| Untracked 
| 134|0x0000000709000000, 0x0000000709000000, 0x0000000709100000|  0%| F|  |TAMS 0x0000000709000000, 0x0000000709000000| Untracked 
| 135|0x0000000709100000, 0x0000000709100000, 0x0000000709200000|  0%| F|  |TAMS 0x0000000709100000, 0x0000000709100000| Untracked 
| 136|0x0000000709200000, 0x0000000709200000, 0x0000000709300000|  0%| F|  |TAMS 0x0000000709200000, 0x0000000709200000| Untracked 
| 137|0x0000000709300000, 0x0000000709300000, 0x0000000709400000|  0%| F|  |TAMS 0x0000000709300000, 0x0000000709300000| Untracked 
| 138|0x0000000709400000, 0x0000000709400000, 0x0000000709500000|  0%| F|  |TAMS 0x0000000709400000, 0x0000000709400000| Untracked 
| 139|0x0000000709500000, 0x0000000709500000, 0x0000000709600000|  0%| F|  |TAMS 0x0000000709500000, 0x0000000709500000| Untracked 
| 140|0x0000000709600000, 0x0000000709600000, 0x0000000709700000|  0%| F|  |TAMS 0x0000000709600000, 0x0000000709600000| Untracked 
| 141|0x0000000709700000, 0x0000000709700000, 0x0000000709800000|  0%| F|  |TAMS 0x0000000709700000, 0x0000000709700000| Untracked 
| 142|0x0000000709800000, 0x0000000709800000, 0x0000000709900000|  0%| F|  |TAMS 0x0000000709800000, 0x0000000709800000| Untracked 
| 143|0x0000000709900000, 0x0000000709900000, 0x0000000709a00000|  0%| F|  |TAMS 0x0000000709900000, 0x0000000709900000| Untracked 
| 144|0x0000000709a00000, 0x0000000709a00000, 0x0000000709b00000|  0%| F|  |TAMS 0x0000000709a00000, 0x0000000709a00000| Untracked 
| 145|0x0000000709b00000, 0x0000000709b00000, 0x0000000709c00000|  0%| F|  |TAMS 0x0000000709b00000, 0x0000000709b00000| Untracked 
| 146|0x0000000709c00000, 0x0000000709c00000, 0x0000000709d00000|  0%| F|  |TAMS 0x0000000709c00000, 0x0000000709c00000| Untracked 
| 147|0x0000000709d00000, 0x0000000709d00000, 0x0000000709e00000|  0%| F|  |TAMS 0x0000000709d00000, 0x0000000709d00000| Untracked 
| 148|0x0000000709e00000, 0x0000000709e00000, 0x0000000709f00000|  0%| F|  |TAMS 0x0000000709e00000, 0x0000000709e00000| Untracked 
| 149|0x0000000709f00000, 0x0000000709f00000, 0x000000070a000000|  0%| F|  |TAMS 0x0000000709f00000, 0x0000000709f00000| Untracked 
| 150|0x000000070a000000, 0x000000070a000000, 0x000000070a100000|  0%| F|  |TAMS 0x000000070a000000, 0x000000070a000000| Untracked 
| 151|0x000000070a100000, 0x000000070a100000, 0x000000070a200000|  0%| F|  |TAMS 0x000000070a100000, 0x000000070a100000| Untracked 
| 152|0x000000070a200000, 0x000000070a200000, 0x000000070a300000|  0%| F|  |TAMS 0x000000070a200000, 0x000000070a200000| Untracked 
| 153|0x000000070a300000, 0x000000070a300000, 0x000000070a400000|  0%| F|  |TAMS 0x000000070a300000, 0x000000070a300000| Untracked 
| 154|0x000000070a400000, 0x000000070a400000, 0x000000070a500000|  0%| F|  |TAMS 0x000000070a400000, 0x000000070a400000| Untracked 
| 155|0x000000070a500000, 0x000000070a500000, 0x000000070a600000|  0%| F|  |TAMS 0x000000070a500000, 0x000000070a500000| Untracked 
| 156|0x000000070a600000, 0x000000070a600000, 0x000000070a700000|  0%| F|  |TAMS 0x000000070a600000, 0x000000070a600000| Untracked 
| 157|0x000000070a700000, 0x000000070a700000, 0x000000070a800000|  0%| F|  |TAMS 0x000000070a700000, 0x000000070a700000| Untracked 
| 158|0x000000070a800000, 0x000000070a800000, 0x000000070a900000|  0%| F|  |TAMS 0x000000070a800000, 0x000000070a800000| Untracked 
| 159|0x000000070a900000, 0x000000070a900000, 0x000000070aa00000|  0%| F|  |TAMS 0x000000070a900000, 0x000000070a900000| Untracked 
| 160|0x000000070aa00000, 0x000000070aa00000, 0x000000070ab00000|  0%| F|  |TAMS 0x000000070aa00000, 0x000000070aa00000| Untracked 
| 161|0x000000070ab00000, 0x000000070ab00000, 0x000000070ac00000|  0%| F|  |TAMS 0x000000070ab00000, 0x000000070ab00000| Untracked 
| 162|0x000000070ac00000, 0x000000070ac00000, 0x000000070ad00000|  0%| F|  |TAMS 0x000000070ac00000, 0x000000070ac00000| Untracked 
| 163|0x000000070ad00000, 0x000000070ad00000, 0x000000070ae00000|  0%| F|  |TAMS 0x000000070ad00000, 0x000000070ad00000| Untracked 
| 164|0x000000070ae00000, 0x000000070ae00000, 0x000000070af00000|  0%| F|  |TAMS 0x000000070ae00000, 0x000000070ae00000| Untracked 
| 165|0x000000070af00000, 0x000000070af00000, 0x000000070b000000|  0%| F|  |TAMS 0x000000070af00000, 0x000000070af00000| Untracked 
| 166|0x000000070b000000, 0x000000070b000000, 0x000000070b100000|  0%| F|  |TAMS 0x000000070b000000, 0x000000070b000000| Untracked 
| 167|0x000000070b100000, 0x000000070b100000, 0x000000070b200000|  0%| F|  |TAMS 0x000000070b100000, 0x000000070b100000| Untracked 
| 168|0x000000070b200000, 0x000000070b200000, 0x000000070b300000|  0%| F|  |TAMS 0x000000070b200000, 0x000000070b200000| Untracked 
| 169|0x000000070b300000, 0x000000070b300000, 0x000000070b400000|  0%| F|  |TAMS 0x000000070b300000, 0x000000070b300000| Untracked 
| 170|0x000000070b400000, 0x000000070b400000, 0x000000070b500000|  0%| F|  |TAMS 0x000000070b400000, 0x000000070b400000| Untracked 
| 171|0x000000070b500000, 0x000000070b500000, 0x000000070b600000|  0%| F|  |TAMS 0x000000070b500000, 0x000000070b500000| Untracked 
| 172|0x000000070b600000, 0x000000070b600000, 0x000000070b700000|  0%| F|  |TAMS 0x000000070b600000, 0x000000070b600000| Untracked 
| 173|0x000000070b700000, 0x000000070b700000, 0x000000070b800000|  0%| F|  |TAMS 0x000000070b700000, 0x000000070b700000| Untracked 
| 174|0x000000070b800000, 0x000000070b800000, 0x000000070b900000|  0%| F|  |TAMS 0x000000070b800000, 0x000000070b800000| Untracked 
| 175|0x000000070b900000, 0x000000070b900000, 0x000000070ba00000|  0%| F|  |TAMS 0x000000070b900000, 0x000000070b900000| Untracked 
| 176|0x000000070ba00000, 0x000000070ba00000, 0x000000070bb00000|  0%| F|  |TAMS 0x000000070ba00000, 0x000000070ba00000| Untracked 
| 177|0x000000070bb00000, 0x000000070bb00000, 0x000000070bc00000|  0%| F|  |TAMS 0x000000070bb00000, 0x000000070bb00000| Untracked 
| 178|0x000000070bc00000, 0x000000070bc00000, 0x000000070bd00000|  0%| F|  |TAMS 0x000000070bc00000, 0x000000070bc00000| Untracked 
| 179|0x000000070bd00000, 0x000000070bd00000, 0x000000070be00000|  0%| F|  |TAMS 0x000000070bd00000, 0x000000070bd00000| Untracked 
| 180|0x000000070be00000, 0x000000070be00000, 0x000000070bf00000|  0%| F|  |TAMS 0x000000070be00000, 0x000000070be00000| Untracked 
| 181|0x000000070bf00000, 0x000000070bf00000, 0x000000070c000000|  0%| F|  |TAMS 0x000000070bf00000, 0x000000070bf00000| Untracked 
| 182|0x000000070c000000, 0x000000070c000000, 0x000000070c100000|  0%| F|  |TAMS 0x000000070c000000, 0x000000070c000000| Untracked 
| 183|0x000000070c100000, 0x000000070c100000, 0x000000070c200000|  0%| F|  |TAMS 0x000000070c100000, 0x000000070c100000| Untracked 
| 184|0x000000070c200000, 0x000000070c200000, 0x000000070c300000|  0%| F|  |TAMS 0x000000070c200000, 0x000000070c200000| Untracked 
| 185|0x000000070c300000, 0x000000070c300000, 0x000000070c400000|  0%| F|  |TAMS 0x000000070c300000, 0x000000070c300000| Untracked 
| 186|0x000000070c400000, 0x000000070c400000, 0x000000070c500000|  0%| F|  |TAMS 0x000000070c400000, 0x000000070c400000| Untracked 
| 187|0x000000070c500000, 0x000000070c500000, 0x000000070c600000|  0%| F|  |TAMS 0x000000070c500000, 0x000000070c500000| Untracked 
| 188|0x000000070c600000, 0x000000070c600000, 0x000000070c700000|  0%| F|  |TAMS 0x000000070c600000, 0x000000070c600000| Untracked 
| 189|0x000000070c700000, 0x000000070c700000, 0x000000070c800000|  0%| F|  |TAMS 0x000000070c700000, 0x000000070c700000| Untracked 
| 190|0x000000070c800000, 0x000000070c800000, 0x000000070c900000|  0%| F|  |TAMS 0x000000070c800000, 0x000000070c800000| Untracked 
| 191|0x000000070c900000, 0x000000070c900000, 0x000000070ca00000|  0%| F|  |TAMS 0x000000070c900000, 0x000000070c900000| Untracked 
| 192|0x000000070ca00000, 0x000000070ca00000, 0x000000070cb00000|  0%| F|  |TAMS 0x000000070ca00000, 0x000000070ca00000| Untracked 
| 193|0x000000070cb00000, 0x000000070cb00000, 0x000000070cc00000|  0%| F|  |TAMS 0x000000070cb00000, 0x000000070cb00000| Untracked 
| 194|0x000000070cc00000, 0x000000070cc00000, 0x000000070cd00000|  0%| F|  |TAMS 0x000000070cc00000, 0x000000070cc00000| Untracked 
| 195|0x000000070cd00000, 0x000000070cd00000, 0x000000070ce00000|  0%| F|  |TAMS 0x000000070cd00000, 0x000000070cd00000| Untracked 
| 196|0x000000070ce00000, 0x000000070ce00000, 0x000000070cf00000|  0%| F|  |TAMS 0x000000070ce00000, 0x000000070ce00000| Untracked 
| 197|0x000000070cf00000, 0x000000070cf00000, 0x000000070d000000|  0%| F|  |TAMS 0x000000070cf00000, 0x000000070cf00000| Untracked 
| 198|0x000000070d000000, 0x000000070d000000, 0x000000070d100000|  0%| F|  |TAMS 0x000000070d000000, 0x000000070d000000| Untracked 
| 199|0x000000070d100000, 0x000000070d100000, 0x000000070d200000|  0%| F|  |TAMS 0x000000070d100000, 0x000000070d100000| Untracked 
| 200|0x000000070d200000, 0x000000070d200000, 0x000000070d300000|  0%| F|  |TAMS 0x000000070d200000, 0x000000070d200000| Untracked 
| 201|0x000000070d300000, 0x000000070d300000, 0x000000070d400000|  0%| F|  |TAMS 0x000000070d300000, 0x000000070d300000| Untracked 
| 202|0x000000070d400000, 0x000000070d400000, 0x000000070d500000|  0%| F|  |TAMS 0x000000070d400000, 0x000000070d400000| Untracked 
| 203|0x000000070d500000, 0x000000070d500000, 0x000000070d600000|  0%| F|  |TAMS 0x000000070d500000, 0x000000070d500000| Untracked 
| 204|0x000000070d600000, 0x000000070d600000, 0x000000070d700000|  0%| F|  |TAMS 0x000000070d600000, 0x000000070d600000| Untracked 
| 205|0x000000070d700000, 0x000000070d700000, 0x000000070d800000|  0%| F|  |TAMS 0x000000070d700000, 0x000000070d700000| Untracked 
| 206|0x000000070d800000, 0x000000070d800000, 0x000000070d900000|  0%| F|  |TAMS 0x000000070d800000, 0x000000070d800000| Untracked 
| 207|0x000000070d900000, 0x000000070d900000, 0x000000070da00000|  0%| F|  |TAMS 0x000000070d900000, 0x000000070d900000| Untracked 
| 208|0x000000070da00000, 0x000000070da00000, 0x000000070db00000|  0%| F|  |TAMS 0x000000070da00000, 0x000000070da00000| Untracked 
| 209|0x000000070db00000, 0x000000070db00000, 0x000000070dc00000|  0%| F|  |TAMS 0x000000070db00000, 0x000000070db00000| Untracked 
| 210|0x000000070dc00000, 0x000000070dc00000, 0x000000070dd00000|  0%| F|  |TAMS 0x000000070dc00000, 0x000000070dc00000| Untracked 
| 211|0x000000070dd00000, 0x000000070dd00000, 0x000000070de00000|  0%| F|  |TAMS 0x000000070dd00000, 0x000000070dd00000| Untracked 
| 212|0x000000070de00000, 0x000000070de00000, 0x000000070df00000|  0%| F|  |TAMS 0x000000070de00000, 0x000000070de00000| Untracked 
| 213|0x000000070df00000, 0x000000070df00000, 0x000000070e000000|  0%| F|  |TAMS 0x000000070df00000, 0x000000070df00000| Untracked 
| 214|0x000000070e000000, 0x000000070e000000, 0x000000070e100000|  0%| F|  |TAMS 0x000000070e000000, 0x000000070e000000| Untracked 
| 215|0x000000070e100000, 0x000000070e100000, 0x000000070e200000|  0%| F|  |TAMS 0x000000070e100000, 0x000000070e100000| Untracked 
| 216|0x000000070e200000, 0x000000070e200000, 0x000000070e300000|  0%| F|  |TAMS 0x000000070e200000, 0x000000070e200000| Untracked 
| 217|0x000000070e300000, 0x000000070e300000, 0x000000070e400000|  0%| F|  |TAMS 0x000000070e300000, 0x000000070e300000| Untracked 
| 218|0x000000070e400000, 0x000000070e400000, 0x000000070e500000|  0%| F|  |TAMS 0x000000070e400000, 0x000000070e400000| Untracked 
| 219|0x000000070e500000, 0x000000070e500000, 0x000000070e600000|  0%| F|  |TAMS 0x000000070e500000, 0x000000070e500000| Untracked 
| 220|0x000000070e600000, 0x000000070e600000, 0x000000070e700000|  0%| F|  |TAMS 0x000000070e600000, 0x000000070e600000| Untracked 
| 221|0x000000070e700000, 0x000000070e700000, 0x000000070e800000|  0%| F|  |TAMS 0x000000070e700000, 0x000000070e700000| Untracked 
| 222|0x000000070e800000, 0x000000070e800000, 0x000000070e900000|  0%| F|  |TAMS 0x000000070e800000, 0x000000070e800000| Untracked 
| 223|0x000000070e900000, 0x000000070e900000, 0x000000070ea00000|  0%| F|  |TAMS 0x000000070e900000, 0x000000070e900000| Untracked 
| 224|0x000000070ea00000, 0x000000070ea00000, 0x000000070eb00000|  0%| F|  |TAMS 0x000000070ea00000, 0x000000070ea00000| Untracked 
| 225|0x000000070eb00000, 0x000000070eb00000, 0x000000070ec00000|  0%| F|  |TAMS 0x000000070eb00000, 0x000000070eb00000| Untracked 
| 226|0x000000070ec00000, 0x000000070ec00000, 0x000000070ed00000|  0%| F|  |TAMS 0x000000070ec00000, 0x000000070ec00000| Untracked 
| 227|0x000000070ed00000, 0x000000070ed00000, 0x000000070ee00000|  0%| F|  |TAMS 0x000000070ed00000, 0x000000070ed00000| Untracked 
| 228|0x000000070ee00000, 0x000000070ee00000, 0x000000070ef00000|  0%| F|  |TAMS 0x000000070ee00000, 0x000000070ee00000| Untracked 
| 229|0x000000070ef00000, 0x000000070efdf480, 0x000000070f000000| 87%| S|CS|TAMS 0x000000070ef00000, 0x000000070ef00000| Complete 
| 230|0x000000070f000000, 0x000000070f100000, 0x000000070f100000|100%| S|CS|TAMS 0x000000070f000000, 0x000000070f000000| Complete 
| 231|0x000000070f100000, 0x000000070f200000, 0x000000070f200000|100%| S|CS|TAMS 0x000000070f100000, 0x000000070f100000| Complete 
| 232|0x000000070f200000, 0x000000070f200000, 0x000000070f300000|  0%| F|  |TAMS 0x000000070f200000, 0x000000070f200000| Untracked 
| 233|0x000000070f300000, 0x000000070f300000, 0x000000070f400000|  0%| F|  |TAMS 0x000000070f300000, 0x000000070f300000| Untracked 
| 234|0x000000070f400000, 0x000000070f400000, 0x000000070f500000|  0%| F|  |TAMS 0x000000070f400000, 0x000000070f400000| Untracked 
| 235|0x000000070f500000, 0x000000070f500000, 0x000000070f600000|  0%| F|  |TAMS 0x000000070f500000, 0x000000070f500000| Untracked 
| 236|0x000000070f600000, 0x000000070f600000, 0x000000070f700000|  0%| F|  |TAMS 0x000000070f600000, 0x000000070f600000| Untracked 
| 237|0x000000070f700000, 0x000000070f700000, 0x000000070f800000|  0%| F|  |TAMS 0x000000070f700000, 0x000000070f700000| Untracked 
| 238|0x000000070f800000, 0x000000070f800000, 0x000000070f900000|  0%| F|  |TAMS 0x000000070f800000, 0x000000070f800000| Untracked 
| 239|0x000000070f900000, 0x000000070f900000, 0x000000070fa00000|  0%| F|  |TAMS 0x000000070f900000, 0x000000070f900000| Untracked 
| 240|0x000000070fa00000, 0x000000070fa00000, 0x000000070fb00000|  0%| F|  |TAMS 0x000000070fa00000, 0x000000070fa00000| Untracked 
| 241|0x000000070fb00000, 0x000000070fb00000, 0x000000070fc00000|  0%| F|  |TAMS 0x000000070fb00000, 0x000000070fb00000| Untracked 
| 242|0x000000070fc00000, 0x000000070fc00000, 0x000000070fd00000|  0%| F|  |TAMS 0x000000070fc00000, 0x000000070fc00000| Untracked 
| 243|0x000000070fd00000, 0x000000070fd00000, 0x000000070fe00000|  0%| F|  |TAMS 0x000000070fd00000, 0x000000070fd00000| Untracked 
| 244|0x000000070fe00000, 0x000000070fe00000, 0x000000070ff00000|  0%| F|  |TAMS 0x000000070fe00000, 0x000000070fe00000| Untracked 
| 245|0x000000070ff00000, 0x000000070ff00000, 0x0000000710000000|  0%| F|  |TAMS 0x000000070ff00000, 0x000000070ff00000| Untracked 
| 246|0x0000000710000000, 0x0000000710000000, 0x0000000710100000|  0%| F|  |TAMS 0x0000000710000000, 0x0000000710000000| Untracked 
| 247|0x0000000710100000, 0x0000000710180800, 0x0000000710200000| 50%| E|  |TAMS 0x0000000710100000, 0x0000000710100000| Complete 
| 248|0x0000000710200000, 0x0000000710300000, 0x0000000710300000|100%| E|CS|TAMS 0x0000000710200000, 0x0000000710200000| Complete 
| 249|0x0000000710300000, 0x0000000710400000, 0x0000000710400000|100%| E|CS|TAMS 0x0000000710300000, 0x0000000710300000| Complete 
| 250|0x0000000710400000, 0x0000000710500000, 0x0000000710500000|100%| E|CS|TAMS 0x0000000710400000, 0x0000000710400000| Complete 
| 251|0x0000000710500000, 0x0000000710600000, 0x0000000710600000|100%| E|CS|TAMS 0x0000000710500000, 0x0000000710500000| Complete 
| 252|0x0000000710600000, 0x0000000710700000, 0x0000000710700000|100%| E|CS|TAMS 0x0000000710600000, 0x0000000710600000| Complete 
| 253|0x0000000710700000, 0x0000000710800000, 0x0000000710800000|100%| E|CS|TAMS 0x0000000710700000, 0x0000000710700000| Complete 
| 254|0x0000000710800000, 0x0000000710900000, 0x0000000710900000|100%| E|CS|TAMS 0x0000000710800000, 0x0000000710800000| Complete 
| 255|0x0000000710900000, 0x0000000710a00000, 0x0000000710a00000|100%| E|CS|TAMS 0x0000000710900000, 0x0000000710900000| Complete 

Card table byte_map: [0x000001b35ee80000,0x000001b35f680000] _byte_map_base: 0x000001b35b67b000

Marking Bits (Prev, Next): (CMBitMap*) 0x000001b347074878, (CMBitMap*) 0x000001b3470748b0
 Prev Bits: [0x000001b35fe80000, 0x000001b363e58000)
 Next Bits: [0x000001b363e60000, 0x000001b367e38000)

Polling page: 0x000001b344fc0000

Metaspace:

Usage:
  Non-class:     17.06 MB capacity,    16.81 MB ( 99%) used,   208.28 KB (  1%) free+waste,    50.31 KB ( <1%) overhead. 
      Class:      2.14 MB capacity,     1.93 MB ( 90%) used,   186.96 KB (  9%) free+waste,    25.44 KB (  1%) overhead. 
       Both:     19.20 MB capacity,    18.74 MB ( 98%) used,   395.24 KB (  2%) free+waste,    75.75 KB ( <1%) overhead. 

Virtual space:
  Non-class space:       18.00 MB reserved,      17.25 MB ( 96%) committed 
      Class space:        1.00 GB reserved,       2.25 MB ( <1%) committed 
             Both:        1.02 GB reserved,      19.50 MB (  2%) committed 

Chunk freelists:
   Non-Class:  256 bytes
       Class:  1.88 KB
        Both:  2.13 KB

CodeHeap 'non-profiled nmethods': size=120000Kb used=693Kb max_used=693Kb free=119306Kb
 bounds [0x000001b356e10000, 0x000001b357080000, 0x000001b35e340000]
CodeHeap 'profiled nmethods': size=120000Kb used=4282Kb max_used=4282Kb free=115717Kb
 bounds [0x000001b34f8e0000, 0x000001b34fd20000, 0x000001b356e10000]
CodeHeap 'non-nmethods': size=5760Kb used=1321Kb max_used=1342Kb free=4438Kb
 bounds [0x000001b34f340000, 0x000001b34f5b0000, 0x000001b34f8e0000]
 total_blobs=3095 nmethods=2005 adapters=527
 compilation: enabled
              stopped_count=0, restarted_count=0
 full_count=0

Compilation events (10 events):
Event: 230.152 Thread 0x000001b36b2cf000 2165       3       org.eclipse.jdt.launching.internal.org.objectweb.asm.ClassReader::readShort (27 bytes)
Event: 230.152 Thread 0x000001b36b2cf000 nmethod 2165 0x000001b34fd0da90 code [0x000001b34fd0dc40, 0x000001b34fd0de18]
Event: 230.152 Thread 0x000001b36b2cf000 2166       3       org.eclipse.jdt.launching.internal.org.objectweb.asm.MethodWriter::visitVarInsn (302 bytes)
Event: 230.154 Thread 0x000001b36b2cf000 nmethod 2166 0x000001b34fd0df10 code [0x000001b34fd0e180, 0x000001b34fd0ec10]
Event: 230.154 Thread 0x000001b36b2cf000 2167       3       org.eclipse.jdt.launching.internal.org.objectweb.asm.Label::resolve (219 bytes)
Event: 230.154 Thread 0x000001b36b2cf000 nmethod 2167 0x000001b34fd0ef10 code [0x000001b34fd0f100, 0x000001b34fd0f6d8]
Event: 230.154 Thread 0x000001b36b2cf000 2168       3       org.eclipse.jdt.launching.internal.org.objectweb.asm.Label::accept (65 bytes)
Event: 230.155 Thread 0x000001b36b2cf000 nmethod 2168 0x000001b34fd0fa90 code [0x000001b34fd0fc80, 0x000001b34fd10230]
Event: 230.155 Thread 0x000001b36b2cf000 2169       3       org.eclipse.jdt.launching.internal.org.objectweb.asm.SymbolTable::put (150 bytes)
Event: 230.156 Thread 0x000001b36b2cf000 nmethod 2169 0x000001b34fd10410 code [0x000001b34fd10620, 0x000001b34fd10f78]

GC Heap History (2 events):
Event: 77.219 GC heap before
{Heap before GC invocations=0 (full 0):
 garbage-first heap   total 262144K, used 23552K [0x0000000700a00000, 0x0000000800000000)
  region size 1024K, 24 young (24576K), 0 survivors (0K)
 Metaspace       used 18944K, capacity 19397K, committed 19712K, reserved 1067008K
  class space    used 1976K, capacity 2191K, committed 2304K, reserved 1048576K
}
Event: 77.225 GC heap after
{Heap after GC invocations=1 (full 0):
 garbage-first heap   total 262144K, used 2941K [0x0000000700a00000, 0x0000000800000000)
  region size 1024K, 3 young (3072K), 3 survivors (3072K)
 Metaspace       used 18944K, capacity 19397K, committed 19712K, reserved 1067008K
  class space    used 1976K, capacity 2191K, committed 2304K, reserved 1048576K
}

Deoptimization events (10 events):
Event: 0.868 Thread 0x000001b347012000 Uncommon trap: reason=unstable_if action=reinterpret pc=0x000001b356e1f47c method=java.lang.String.isLatin1()Z @ 10 c2
Event: 1.175 Thread 0x000001b347012000 Uncommon trap: reason=unstable_if action=reinterpret pc=0x000001b356e217fc method=java.lang.String.isLatin1()Z @ 10 c2
Event: 1.176 Thread 0x000001b347012000 Uncommon trap: reason=unstable_if action=reinterpret pc=0x000001b356e1e550 method=java.util.HashMap.putVal(ILjava/lang/Object;Ljava/lang/Object;ZZ)Ljava/lang/Object; @ 181 c2
Event: 1.402 Thread 0x000001b36b9bd800 Uncommon trap: reason=unstable_if action=reinterpret pc=0x000001b356e6572c method=java.util.HashMap.putVal(ILjava/lang/Object;Ljava/lang/Object;ZZ)Ljava/lang/Object; @ 81 c2
Event: 3.489 Thread 0x000001b36de35800 Uncommon trap: reason=class_check action=maybe_recompile pc=0x000001b356e1b454 method=java.lang.String.equals(Ljava/lang/Object;)Z @ 8 c2
Event: 3.489 Thread 0x000001b36de35800 Uncommon trap: reason=class_check action=maybe_recompile pc=0x000001b356e1b454 method=java.lang.String.equals(Ljava/lang/Object;)Z @ 8 c2
Event: 3.534 Thread 0x000001b36de35800 Uncommon trap: reason=class_check action=maybe_recompile pc=0x000001b356e1b454 method=java.lang.String.equals(Ljava/lang/Object;)Z @ 8 c2
Event: 3.534 Thread 0x000001b36de35800 Uncommon trap: reason=class_check action=maybe_recompile pc=0x000001b356e1b454 method=java.lang.String.equals(Ljava/lang/Object;)Z @ 8 c2
Event: 14.229 Thread 0x000001b347012000 Uncommon trap: reason=intrinsic_or_type_checked_inlining action=make_not_entrant pc=0x000001b356e9ef6c method=java.util.Arrays.copyOf([Ljava/lang/Object;ILjava/lang/Class;)[Ljava/lang/Object; @ 35 c2
Event: 77.541 Thread 0x000001b36b7fc800 Uncommon trap: reason=unstable_if action=reinterpret pc=0x000001b356ea38f0 method=java.lang.ref.SoftReference.get()Ljava/lang/Object; @ 17 c2

Classes redefined (3 events):
Event: 139.630 Thread 0x000001b36a997800 redefined class name=atividade11.Principal, count=1
Event: 201.516 Thread 0x000001b36a997800 redefined class name=atividade11.Principal, count=2
Event: 230.164 Thread 0x000001b36a997800 redefined class name=atividade11.Principal, count=3

Internal exceptions (10 events):
Event: 1.079 Thread 0x000001b347012000 Exception <a 'java/lang/NoSuchMethodError'{0x000000070ff8e1d0}: java.lang.invoke.DirectMethodHandle$Holder.invokeStatic(Ljava/lang/Object;ILjava/lang/Object;Ljava/lang/Object;Ljava/lang/Object;)Ljava/lang/Object;> (0x000000070ff8e1d0) thrown at [t:/worksp
Event: 1.079 Thread 0x000001b347012000 Exception <a 'java/lang/NoSuchMethodError'{0x000000070ff91d10}: java.lang.invoke.DirectMethodHandle$Holder.invokeSpecial(Ljava/lang/Object;Ljava/lang/Object;ILjava/lang/Object;Ljava/lang/Object;Ljava/lang/Object;)Ljava/lang/Object;> (0x000000070ff91d10) t
Event: 1.108 Thread 0x000001b347012000 Exception <a 'java/lang/ClassNotFoundException'{0x000000070fe8d090}: com/sun/swing/internal/plaf/metal/resources/spi/metalProvider> (0x000000070fe8d090) thrown at [t:/workspace/open/src/hotspot/share/classfile/systemDictionary.cpp, line 231]
Event: 1.109 Thread 0x000001b347012000 Exception <a 'java/lang/ClassNotFoundException'{0x000000070fe93de0}: com/sun/swing/internal/plaf/basic/resources/spi/basicProvider> (0x000000070fe93de0) thrown at [t:/workspace/open/src/hotspot/share/classfile/systemDictionary.cpp, line 231]
Event: 1.114 Thread 0x000001b347012000 Exception <a 'java/lang/NoSuchMethodError'{0x000000070fecf800}: java.lang.invoke.DirectMethodHandle$Holder.invokeStatic(Ljava/lang/Object;Ljava/lang/Object;Ljava/lang/Object;Ljava/lang/Object;Ljava/lang/Object;Ljava/lang/Object;Ljava/lang/Object;Ljava/lan
Event: 1.116 Thread 0x000001b347012000 Exception <a 'java/lang/NoSuchMethodError'{0x000000070feee7c8}: java.lang.invoke.DirectMethodHandle$Holder.invokeStatic(Ljava/lang/Object;Ljava/lang/Object;Ljava/lang/Object;Ljava/lang/Object;Ljava/lang/Object;Ljava/lang/Object;Ljava/lang/Object;Ljava/lan
Event: 1.118 Thread 0x000001b347012000 Exception <a 'java/lang/NoSuchMethodError'{0x000000070fd0eba0}: java.lang.invoke.DirectMethodHandle$Holder.invokeStatic(Ljava/lang/Object;Ljava/lang/Object;Ljava/lang/Object;Ljava/lang/Object;Ljava/lang/Object;Ljava/lang/Object;Ljava/lang/Object;Ljava/lan
Event: 1.121 Thread 0x000001b347012000 Exception <a 'java/lang/NoSuchMethodError'{0x000000070fd30218}: java.lang.invoke.DirectMethodHandle$Holder.invokeStatic(Ljava/lang/Object;Ljava/lang/Object;Ljava/lang/Object;Ljava/lang/Object;Ljava/lang/Object;Ljava/lang/Object;Ljava/lang/Object;Ljava/lan
Event: 1.420 Thread 0x000001b347012000 Exception <a 'java/lang/NoSuchMethodError'{0x000000070f825728}: java.lang.invoke.DirectMethodHandle$Holder.invokeStaticInit(Ljava/lang/Object;)V> (0x000000070f825728) thrown at [t:/workspace/open/src/hotspot/share/interpreter/linkResolver.cpp, line 772]
Event: 1.428 Thread 0x000001b347012000 Exception <a 'java/lang/NoSuchMethodError'{0x000000070f87ce20}: java.lang.invoke.Invokers$Holder.linkToTargetMethod(Ljava/lang/Object;ILjava/lang/Object;)Ljava/lang/Object;> (0x000000070f87ce20) thrown at [t:/workspace/open/src/hotspot/share/interpreter/l

Events (10 events):
Event: 230.173 Executing VM operation: GetStackTrace done
Event: 230.181 Executing VM operation: GetFrameCount
Event: 230.181 Executing VM operation: GetFrameCount done
Event: 230.182 Executing VM operation: GetOwnedMonitorInfo
Event: 230.182 Executing VM operation: GetOwnedMonitorInfo done
Event: 230.182 Executing VM operation: GetCurrentContendedMonitor
Event: 230.182 Executing VM operation: GetCurrentContendedMonitor done
Event: 281.689 Executing VM operation: ChangeBreakpoints
Event: 281.690 Executing VM operation: ChangeBreakpoints done
Event: 353.910 Executing VM operation: GetOrSetLocal


Dynamic libraries:
0x00007ff7877c0000 - 0x00007ff787807000 	C:\Program Files\Java\jdk-11.0.2\bin\javaw.exe
0x00007ffa953e0000 - 0x00007ffa955c1000 	C:\Windows\SYSTEM32\ntdll.dll
0x00007ffa94b50000 - 0x00007ffa94c02000 	C:\Windows\System32\KERNEL32.DLL
0x00007ffa920d0000 - 0x00007ffa92343000 	C:\Windows\System32\KERNELBASE.dll
0x00007ffa94520000 - 0x00007ffa945c1000 	C:\Windows\System32\ADVAPI32.dll
0x00007ffa94ed0000 - 0x00007ffa94f6e000 	C:\Windows\System32\msvcrt.dll
0x00007ffa92940000 - 0x00007ffa9299b000 	C:\Windows\System32\sechost.dll
0x00007ffa94c10000 - 0x00007ffa94d34000 	C:\Windows\System32\RPCRT4.dll
0x00007ffa94d40000 - 0x00007ffa94ed0000 	C:\Windows\System32\USER32.dll
0x00007ffa91800000 - 0x00007ffa91820000 	C:\Windows\System32\win32u.dll
0x00007ffa95320000 - 0x00007ffa95348000 	C:\Windows\System32\GDI32.dll
0x00007ffa91820000 - 0x00007ffa919b2000 	C:\Windows\System32\gdi32full.dll
0x00007ffa92750000 - 0x00007ffa927ef000 	C:\Windows\System32\msvcp_win.dll
0x00007ffa92350000 - 0x00007ffa9244a000 	C:\Windows\System32\ucrtbase.dll
0x00007ffa82470000 - 0x00007ffa826d9000 	C:\Windows\WinSxS\amd64_microsoft.windows.common-controls_6595b64144ccf1df_6.0.17134.345_none_fb429a5930656358\COMCTL32.dll
0x00007ffa89ea0000 - 0x00007ffa89eaa000 	C:\Windows\SYSTEM32\VERSION.dll
0x00007ffa94750000 - 0x00007ffa94a73000 	C:\Windows\System32\combase.dll
0x00007ffa927f0000 - 0x00007ffa9286a000 	C:\Windows\System32\bcryptPrimitives.dll
0x00007ffa93020000 - 0x00007ffa9304d000 	C:\Windows\System32\IMM32.DLL
0x00007ffa8a430000 - 0x00007ffa8a446000 	C:\Program Files\Java\jdk-11.0.2\bin\vcruntime140.dll
0x00007ffa78020000 - 0x00007ffa780ca000 	C:\Program Files\Java\jdk-11.0.2\bin\msvcp140.dll
0x00007ffa636a0000 - 0x00007ffa641c7000 	C:\Program Files\Java\jdk-11.0.2\bin\server\jvm.dll
0x00007ffa93010000 - 0x00007ffa93018000 	C:\Windows\System32\PSAPI.DLL
0x00007ffa8f9e0000 - 0x00007ffa8fa03000 	C:\Windows\SYSTEM32\WINMM.dll
0x00007ffa881d0000 - 0x00007ffa881d9000 	C:\Windows\SYSTEM32\WSOCK32.dll
0x00007ffa92870000 - 0x00007ffa928dc000 	C:\Windows\System32\WS2_32.dll
0x00007ffa8f6c0000 - 0x00007ffa8f6ea000 	C:\Windows\SYSTEM32\WINMMBASE.dll
0x00007ffa917b0000 - 0x00007ffa917f9000 	C:\Windows\System32\cfgmgr32.dll
0x00007ffa91770000 - 0x00007ffa91781000 	C:\Windows\System32\kernel.appcore.dll
0x00007ffa7f050000 - 0x00007ffa7f061000 	C:\Program Files\Java\jdk-11.0.2\bin\verify.dll
0x00007ffa849b0000 - 0x00007ffa84b79000 	C:\Windows\SYSTEM32\DBGHELP.DLL
0x00007ffa846b0000 - 0x00007ffa846d9000 	C:\Windows\SYSTEM32\dbgcore.DLL
0x00007ffa7d9e0000 - 0x00007ffa7da09000 	C:\Program Files\Java\jdk-11.0.2\bin\java.dll
0x00007ffa7a720000 - 0x00007ffa7a757000 	C:\Program Files\Java\jdk-11.0.2\bin\jdwp.dll
0x00007ffa77f70000 - 0x00007ffa77f9f000 	C:\Program Files\Java\jdk-11.0.2\bin\instrument.dll
0x00007ffa7dbc0000 - 0x00007ffa7dbd6000 	C:\Program Files\Java\jdk-11.0.2\bin\zip.dll
0x00007ffa87a10000 - 0x00007ffa87a1a000 	C:\Program Files\Java\jdk-11.0.2\bin\jimage.dll
0x00007ffa93060000 - 0x00007ffa9449f000 	C:\Windows\System32\SHELL32.dll
0x00007ffa92f60000 - 0x00007ffa93009000 	C:\Windows\System32\shcore.dll
0x00007ffa919c0000 - 0x00007ffa920cd000 	C:\Windows\System32\windows.storage.dll
0x00007ffa928e0000 - 0x00007ffa92931000 	C:\Windows\System32\shlwapi.dll
0x00007ffa91750000 - 0x00007ffa9176f000 	C:\Windows\System32\profapi.dll
0x00007ffa91700000 - 0x00007ffa9174c000 	C:\Windows\System32\powrprof.dll
0x00007ffa916f0000 - 0x00007ffa916fa000 	C:\Windows\System32\FLTLIB.DLL
0x00007ffa8a420000 - 0x00007ffa8a42a000 	C:\Program Files\Java\jdk-11.0.2\bin\dt_socket.dll
0x00007ffa90ec0000 - 0x00007ffa90f26000 	C:\Windows\System32\mswsock.dll
0x00007ffa90c90000 - 0x00007ffa90d4e000 	C:\Windows\SYSTEM32\DNSAPI.dll
0x00007ffa93050000 - 0x00007ffa93058000 	C:\Windows\System32\NSI.dll
0x00007ffa90c50000 - 0x00007ffa90c88000 	C:\Windows\SYSTEM32\IPHLPAPI.DLL
0x00007ffa8d6c0000 - 0x00007ffa8d732000 	C:\Windows\System32\fwpuclnt.dll
0x00007ffa91270000 - 0x00007ffa91295000 	C:\Windows\SYSTEM32\bcrypt.dll
0x00007ffa8b430000 - 0x00007ffa8b43a000 	C:\Windows\System32\rasadhlp.dll
0x00007ffa7d420000 - 0x00007ffa7d439000 	C:\Program Files\Java\jdk-11.0.2\bin\net.dll
0x00007ffa87e50000 - 0x00007ffa88018000 	C:\Windows\SYSTEM32\urlmon.dll
0x00007ffa8b670000 - 0x00007ffa8b74c000 	C:\Windows\SYSTEM32\WINHTTP.dll
0x00007ffa8b150000 - 0x00007ffa8b3f5000 	C:\Windows\SYSTEM32\iertutil.dll
0x00007ffa91020000 - 0x00007ffa9102b000 	C:\Windows\SYSTEM32\CRYPTBASE.DLL
0x00007ffa7ca20000 - 0x00007ffa7ca33000 	C:\Program Files\Java\jdk-11.0.2\bin\nio.dll
0x00007ffa773d0000 - 0x00007ffa7756f000 	C:\Program Files\Java\jdk-11.0.2\bin\awt.dll
0x00007ffa94a80000 - 0x00007ffa94b42000 	C:\Windows\System32\OLEAUT32.dll
0x00007ffa8eb00000 - 0x00007ffa8f0c7000 	C:\Windows\SYSTEM32\d2d1.dll
0x00007ffa8fb00000 - 0x00007ffa8fb8b000 	C:\Windows\SYSTEM32\apphelp.dll
0x00007ffa8fd70000 - 0x00007ffa8fe08000 	C:\Windows\system32\uxtheme.dll
0x00007ffa945d0000 - 0x00007ffa94744000 	C:\Windows\System32\MSCTF.dll
0x00007ffa8fe40000 - 0x00007ffa8fe69000 	C:\Windows\system32\dwmapi.dll
0x00007ffa92df0000 - 0x00007ffa92f41000 	C:\Windows\System32\ole32.dll
0x00007ffa77fa0000 - 0x00007ffa78020000 	C:\Program Files\Java\jdk-11.0.2\bin\freetype.dll
0x00007ffa77d20000 - 0x00007ffa77d8f000 	C:\Program Files\Java\jdk-11.0.2\bin\fontmanager.dll
0x00007ffa75820000 - 0x00007ffa75940000 	C:\Windows\system32\opengl32.dll
0x00007ffa88800000 - 0x00007ffa8882c000 	C:\Windows\SYSTEM32\GLU32.dll
0x00007ffa587d0000 - 0x00007ffa58967000 	C:\Windows\system32\d3d9.dll
0x00007ffa8acc0000 - 0x00007ffa8ae27000 	C:\Windows\SYSTEM32\aticfx64.dll
0x00007ffa56870000 - 0x00007ffa56891000 	C:\Windows\SYSTEM32\atiu9p64.dll
0x00007ffa4b750000 - 0x00007ffa4bfa9000 	C:\Windows\SYSTEM32\atiumd64.dll
0x000000006f600000 - 0x000000006fe88000 	C:\Windows\SYSTEM32\atiumd6a.dll
0x00007ffa94f70000 - 0x00007ffa95010000 	C:\Windows\System32\clbcatq.dll
0x00007ffa8c900000 - 0x00007ffa8caae000 	C:\Windows\SYSTEM32\WindowsCodecs.dll
0x00007ffa836b0000 - 0x00007ffa83708000 	C:\Windows\system32\dataexchange.dll
0x00007ffa8f0d0000 - 0x00007ffa8f26c000 	C:\Windows\system32\dcomp.dll
0x00007ffa8e7f0000 - 0x00007ffa8eafb000 	C:\Windows\system32\d3d11.dll
0x00007ffa90420000 - 0x00007ffa904db000 	C:\Windows\system32\dxgi.dll
0x00007ffa8fed0000 - 0x00007ffa90088000 	C:\Windows\system32\twinapi.appcore.dll
0x00007ffa8fe70000 - 0x00007ffa8fe91000 	C:\Windows\system32\RMCLIENT.dll
0x00007ffa8c330000 - 0x00007ffa8c3c7000 	C:\Windows\System32\TextInputFramework.dll
0x00007ffa8bf80000 - 0x00007ffa8c29e000 	C:\Windows\System32\CoreUIComponents.dll
0x00007ffa8f280000 - 0x00007ffa8f35a000 	C:\Windows\System32\CoreMessaging.dll
0x00007ffa90770000 - 0x00007ffa907a1000 	C:\Windows\SYSTEM32\ntmarta.dll
0x00007ffa8d1f0000 - 0x00007ffa8d33d000 	C:\Windows\SYSTEM32\wintypes.dll

dbghelp: loaded successfully - version: 4.0.5 - missing functions: none
symbol engine: initialized successfully - sym options: 0x614 - pdb path: .;C:\Program Files\Java\jdk-11.0.2\bin;C:\Windows\SYSTEM32;C:\Windows\WinSxS\amd64_microsoft.windows.common-controls_6595b64144ccf1df_6.0.17134.345_none_fb429a5930656358;C:\Program Files\Java\jdk-11.0.2\bin\server

VM Arguments:
jvm_args: -agentlib:jdwp=transport=dt_socket,suspend=y,address=localhost:62849 -javaagent:C:\eclipse\configuration\org.eclipse.osgi\409\0\.cp\lib\javaagent-shaded.jar -Dfile.encoding=Cp1252 
java_command: atividade11.Principal
java_class_path (initial): C:\Users\i3i\Desktop\Atividades\02Laos\bin
Launcher Type: SUN_STANDARD

[Global flags]
     intx CICompilerCount                          = 4                                         {product} {ergonomic}
     uint ConcGCThreads                            = 2                                         {product} {ergonomic}
     uint G1ConcRefinementThreads                  = 8                                         {product} {ergonomic}
   size_t G1HeapRegionSize                         = 1048576                                   {product} {ergonomic}
    uintx GCDrainStackTargetSize                   = 64                                        {product} {ergonomic}
   size_t InitialHeapSize                          = 268435456                                 {product} {ergonomic}
   size_t MarkStackSize                            = 4194304                                   {product} {ergonomic}
   size_t MaxHeapSize                              = 4284481536                                {product} {ergonomic}
   size_t MaxNewSize                               = 2570059776                                {product} {ergonomic}
   size_t MinHeapDeltaBytes                        = 1048576                                   {product} {ergonomic}
    uintx NonNMethodCodeHeapSize                   = 5835340                                {pd product} {ergonomic}
    uintx NonProfiledCodeHeapSize                  = 122911450                              {pd product} {ergonomic}
    uintx ProfiledCodeHeapSize                     = 122911450                              {pd product} {ergonomic}
    uintx ReservedCodeCacheSize                    = 251658240                              {pd product} {ergonomic}
     bool SegmentedCodeCache                       = true                                      {product} {ergonomic}
     bool UseCompressedClassPointers               = true                                 {lp64_product} {ergonomic}
     bool UseCompressedOops                        = true                                 {lp64_product} {ergonomic}
     bool UseG1GC                                  = true                                      {product} {ergonomic}
     bool UseLargePagesIndividualAllocation        = false                                  {pd product} {ergonomic}

Logging:
Log output configuration:
 #0: stdout all=warning uptime,level,tags
 #1: stderr all=off uptime,level,tags

Environment Variables:
PATH=C:/Program Files/Java/jdk-11.0.2/bin/server;C:/Program Files/Java/jdk-11.0.2/bin;C:\Windows\system32;C:\Windows;C:\Windows\System32\Wbem;C:\Windows\System32\WindowsPowerShell\v1.0\;C:\Windows\System32\OpenSSH\;C:\Program Files\dotnet\;C:\Program Files\Microsoft SQL Server\130\Tools\Binn\;C:\Program Files (x86)\ATI Technologies\ATI.ACE\Core-Static;C:\Program Files\Java\jdk-11.0.2\bin;C:\Users\i3i\AppData\Local\Microsoft\WindowsApps;;C:\eclipse;
USERNAME=i3i
OS=Windows_NT
PROCESSOR_IDENTIFIER=Intel64 Family 6 Model 42 Stepping 7, GenuineIntel



---------------  S Y S T E M  ---------------

OS: Windows 10 , 64 bit Build 17134 (10.0.17134.1)

CPU:total 8 (initial active 8) (4 cores per cpu, 2 threads per core) family 6 model 42 stepping 7, cmov, cx8, fxsr, mmx, sse, sse2, sse3, ssse3, sse4.1, sse4.2, popcnt, avx, aes, clmul, ht, tsc, tscinvbit

Memory: 4k page, system-wide physical 16340M (12320M free)
TotalPageFile size 18772M (AvailPageFile size 13812M)
current process WorkingSet (physical memory assigned to process): 110M, peak: 114M
current process commit charge ("private bytes"): 388M, peak: 394M

vm_info: Java HotSpot(TM) 64-Bit Server VM (11.0.2+9-LTS) for windows-amd64 JRE (11.0.2+9-LTS), built on Jan 18 2019 05:24:10 by "mach5one" with MS VC++ 15.5 (VS2017)

END.
